<?xml version="1.0" encoding="UTF-8"?>
<testsuite xmlns:xsi="http://www.w3.org/2001/XMLSchema-instance" xsi:noNamespaceSchemaLocation="https://maven.apache.org/surefire/maven-surefire-plugin/xsd/surefire-test-report.xsd" name="org.example.ArticleCheckTest" time="0.671" tests="22" errors="0" skipped="0" failures="0">
  <properties>
    <property name="java.specification.version" value="19"/>
    <property name="sun.jnu.encoding" value="UTF-8"/>
    <property name="java.class.path" value="/Users/chris/Dev/JetBrains-practice/articlechecker-maven-demo/target/test-classes:/Users/chris/Dev/JetBrains-practice/articlechecker-maven-demo/target/classes:/Users/chris/.m2/repository/edu/stanford/nlp/stanford-corenlp/4.5.0/stanford-corenlp-4.5.0.jar:/Users/chris/.m2/repository/com/apple/AppleJavaExtensions/1.4/AppleJavaExtensions-1.4.jar:/Users/chris/.m2/repository/de/jollyday/jollyday/0.4.9/jollyday-0.4.9.jar:/Users/chris/.m2/repository/org/apache/commons/commons-lang3/3.3.1/commons-lang3-3.3.1.jar:/Users/chris/.m2/repository/org/apache/lucene/lucene-queryparser/7.5.0/lucene-queryparser-7.5.0.jar:/Users/chris/.m2/repository/org/apache/lucene/lucene-queries/7.5.0/lucene-queries-7.5.0.jar:/Users/chris/.m2/repository/org/apache/lucene/lucene-sandbox/7.5.0/lucene-sandbox-7.5.0.jar:/Users/chris/.m2/repository/org/apache/lucene/lucene-analyzers-common/7.5.0/lucene-analyzers-common-7.5.0.jar:/Users/chris/.m2/repository/org/apache/lucene/lucene-core/7.5.0/lucene-core-7.5.0.jar:/Users/chris/.m2/repository/javax/servlet/javax.servlet-api/3.0.1/javax.servlet-api-3.0.1.jar:/Users/chris/.m2/repository/xom/xom/1.3.7/xom-1.3.7.jar:/Users/chris/.m2/repository/xerces/xercesImpl/2.8.0/xercesImpl-2.8.0.jar:/Users/chris/.m2/repository/xml-apis/xml-apis/1.3.03/xml-apis-1.3.03.jar:/Users/chris/.m2/repository/xalan/xalan/2.7.2/xalan-2.7.2.jar:/Users/chris/.m2/repository/xalan/serializer/2.7.2/serializer-2.7.2.jar:/Users/chris/.m2/repository/joda-time/joda-time/2.10.5/joda-time-2.10.5.jar:/Users/chris/.m2/repository/org/ejml/ejml-core/0.39/ejml-core-0.39.jar:/Users/chris/.m2/repository/com/google/code/findbugs/jsr305/3.0.2/jsr305-3.0.2.jar:/Users/chris/.m2/repository/org/ejml/ejml-ddense/0.39/ejml-ddense-0.39.jar:/Users/chris/.m2/repository/org/ejml/ejml-simple/0.39/ejml-simple-0.39.jar:/Users/chris/.m2/repository/org/ejml/ejml-fdense/0.39/ejml-fdense-0.39.jar:/Users/chris/.m2/repository/org/ejml/ejml-cdense/0.39/ejml-cdense-0.39.jar:/Users/chris/.m2/repository/org/ejml/ejml-zdense/0.39/ejml-zdense-0.39.jar:/Users/chris/.m2/repository/org/ejml/ejml-dsparse/0.39/ejml-dsparse-0.39.jar:/Users/chris/.m2/repository/org/ejml/ejml-fsparse/0.39/ejml-fsparse-0.39.jar:/Users/chris/.m2/repository/org/glassfish/javax.json/1.0.4/javax.json-1.0.4.jar:/Users/chris/.m2/repository/org/slf4j/slf4j-api/1.7.12/slf4j-api-1.7.12.jar:/Users/chris/.m2/repository/com/google/protobuf/protobuf-java/3.19.2/protobuf-java-3.19.2.jar:/Users/chris/.m2/repository/javax/activation/javax.activation-api/1.2.0/javax.activation-api-1.2.0.jar:/Users/chris/.m2/repository/javax/xml/bind/jaxb-api/2.4.0-b180830.0359/jaxb-api-2.4.0-b180830.0359.jar:/Users/chris/.m2/repository/com/sun/istack/istack-commons-runtime/3.0.7/istack-commons-runtime-3.0.7.jar:/Users/chris/.m2/repository/com/sun/xml/bind/jaxb-impl/2.4.0-b180830.0438/jaxb-impl-2.4.0-b180830.0438.jar:/Users/chris/.m2/repository/com/googlecode/json-simple/json-simple/1.1.1/json-simple-1.1.1.jar:/Users/chris/.m2/repository/junit/junit/4.10/junit-4.10.jar:/Users/chris/.m2/repository/org/hamcrest/hamcrest-core/1.1/hamcrest-core-1.1.jar:/Users/chris/.m2/repository/edu/stanford/nlp/stanford-corenlp/4.5.0/stanford-corenlp-4.5.0-models.jar:/Users/chris/.m2/repository/org/snf4j/snf4j-core-slf4j/1.10.0/snf4j-core-slf4j-1.10.0.jar:/Users/chris/.m2/repository/org/snf4j/snf4j-core/1.10.0/snf4j-core-1.10.0.jar:/Users/chris/.m2/repository/org/slf4j/slf4j-simple/1.7.21/slf4j-simple-1.7.21.jar:/Users/chris/.m2/repository/org/junit/jupiter/junit-jupiter/5.9.2/junit-jupiter-5.9.2.jar:/Users/chris/.m2/repository/org/junit/jupiter/junit-jupiter-api/5.9.2/junit-jupiter-api-5.9.2.jar:/Users/chris/.m2/repository/org/opentest4j/opentest4j/1.2.0/opentest4j-1.2.0.jar:/Users/chris/.m2/repository/org/junit/platform/junit-platform-commons/1.9.2/junit-platform-commons-1.9.2.jar:/Users/chris/.m2/repository/org/apiguardian/apiguardian-api/1.1.2/apiguardian-api-1.1.2.jar:/Users/chris/.m2/repository/org/junit/jupiter/junit-jupiter-params/5.9.2/junit-jupiter-params-5.9.2.jar:/Users/chris/.m2/repository/org/junit/jupiter/junit-jupiter-engine/5.9.2/junit-jupiter-engine-5.9.2.jar:/Users/chris/.m2/repository/org/junit/platform/junit-platform-engine/1.9.2/junit-platform-engine-1.9.2.jar:"/>
    <property name="java.vm.vendor" value="Homebrew"/>
    <property name="sun.arch.data.model" value="64"/>
    <property name="java.vendor.url" value="https://github.com/Homebrew/homebrew-core/issues"/>
    <property name="os.name" value="Mac OS X"/>
    <property name="java.vm.specification.version" value="19"/>
    <property name="sun.java.launcher" value="SUN_STANDARD"/>
    <property name="user.country" value="DE"/>
    <property name="sun.boot.library.path" value="/opt/homebrew/Cellar/openjdk/19.0.1/libexec/openjdk.jdk/Contents/Home/lib"/>
    <property name="sun.java.command" value="/Users/chris/Dev/JetBrains-practice/articlechecker-maven-demo/target/surefire/surefirebooter15341862201728803768.jar /Users/chris/Dev/JetBrains-practice/articlechecker-maven-demo/target/surefire 2023-03-02T09-52-43_519-jvmRun1 surefire13429128645073930482tmp surefire_01575694997178056825tmp"/>
    <property name="http.nonProxyHosts" value="local|*.local|169.254/16|*.169.254/16"/>
    <property name="jdk.debug" value="release"/>
    <property name="surefire.test.class.path" value="/Users/chris/Dev/JetBrains-practice/articlechecker-maven-demo/target/test-classes:/Users/chris/Dev/JetBrains-practice/articlechecker-maven-demo/target/classes:/Users/chris/.m2/repository/edu/stanford/nlp/stanford-corenlp/4.5.0/stanford-corenlp-4.5.0.jar:/Users/chris/.m2/repository/com/apple/AppleJavaExtensions/1.4/AppleJavaExtensions-1.4.jar:/Users/chris/.m2/repository/de/jollyday/jollyday/0.4.9/jollyday-0.4.9.jar:/Users/chris/.m2/repository/org/apache/commons/commons-lang3/3.3.1/commons-lang3-3.3.1.jar:/Users/chris/.m2/repository/org/apache/lucene/lucene-queryparser/7.5.0/lucene-queryparser-7.5.0.jar:/Users/chris/.m2/repository/org/apache/lucene/lucene-queries/7.5.0/lucene-queries-7.5.0.jar:/Users/chris/.m2/repository/org/apache/lucene/lucene-sandbox/7.5.0/lucene-sandbox-7.5.0.jar:/Users/chris/.m2/repository/org/apache/lucene/lucene-analyzers-common/7.5.0/lucene-analyzers-common-7.5.0.jar:/Users/chris/.m2/repository/org/apache/lucene/lucene-core/7.5.0/lucene-core-7.5.0.jar:/Users/chris/.m2/repository/javax/servlet/javax.servlet-api/3.0.1/javax.servlet-api-3.0.1.jar:/Users/chris/.m2/repository/xom/xom/1.3.7/xom-1.3.7.jar:/Users/chris/.m2/repository/xerces/xercesImpl/2.8.0/xercesImpl-2.8.0.jar:/Users/chris/.m2/repository/xml-apis/xml-apis/1.3.03/xml-apis-1.3.03.jar:/Users/chris/.m2/repository/xalan/xalan/2.7.2/xalan-2.7.2.jar:/Users/chris/.m2/repository/xalan/serializer/2.7.2/serializer-2.7.2.jar:/Users/chris/.m2/repository/joda-time/joda-time/2.10.5/joda-time-2.10.5.jar:/Users/chris/.m2/repository/org/ejml/ejml-core/0.39/ejml-core-0.39.jar:/Users/chris/.m2/repository/com/google/code/findbugs/jsr305/3.0.2/jsr305-3.0.2.jar:/Users/chris/.m2/repository/org/ejml/ejml-ddense/0.39/ejml-ddense-0.39.jar:/Users/chris/.m2/repository/org/ejml/ejml-simple/0.39/ejml-simple-0.39.jar:/Users/chris/.m2/repository/org/ejml/ejml-fdense/0.39/ejml-fdense-0.39.jar:/Users/chris/.m2/repository/org/ejml/ejml-cdense/0.39/ejml-cdense-0.39.jar:/Users/chris/.m2/repository/org/ejml/ejml-zdense/0.39/ejml-zdense-0.39.jar:/Users/chris/.m2/repository/org/ejml/ejml-dsparse/0.39/ejml-dsparse-0.39.jar:/Users/chris/.m2/repository/org/ejml/ejml-fsparse/0.39/ejml-fsparse-0.39.jar:/Users/chris/.m2/repository/org/glassfish/javax.json/1.0.4/javax.json-1.0.4.jar:/Users/chris/.m2/repository/org/slf4j/slf4j-api/1.7.12/slf4j-api-1.7.12.jar:/Users/chris/.m2/repository/com/google/protobuf/protobuf-java/3.19.2/protobuf-java-3.19.2.jar:/Users/chris/.m2/repository/javax/activation/javax.activation-api/1.2.0/javax.activation-api-1.2.0.jar:/Users/chris/.m2/repository/javax/xml/bind/jaxb-api/2.4.0-b180830.0359/jaxb-api-2.4.0-b180830.0359.jar:/Users/chris/.m2/repository/com/sun/istack/istack-commons-runtime/3.0.7/istack-commons-runtime-3.0.7.jar:/Users/chris/.m2/repository/com/sun/xml/bind/jaxb-impl/2.4.0-b180830.0438/jaxb-impl-2.4.0-b180830.0438.jar:/Users/chris/.m2/repository/com/googlecode/json-simple/json-simple/1.1.1/json-simple-1.1.1.jar:/Users/chris/.m2/repository/junit/junit/4.10/junit-4.10.jar:/Users/chris/.m2/repository/org/hamcrest/hamcrest-core/1.1/hamcrest-core-1.1.jar:/Users/chris/.m2/repository/edu/stanford/nlp/stanford-corenlp/4.5.0/stanford-corenlp-4.5.0-models.jar:/Users/chris/.m2/repository/org/snf4j/snf4j-core-slf4j/1.10.0/snf4j-core-slf4j-1.10.0.jar:/Users/chris/.m2/repository/org/snf4j/snf4j-core/1.10.0/snf4j-core-1.10.0.jar:/Users/chris/.m2/repository/org/slf4j/slf4j-simple/1.7.21/slf4j-simple-1.7.21.jar:/Users/chris/.m2/repository/org/junit/jupiter/junit-jupiter/5.9.2/junit-jupiter-5.9.2.jar:/Users/chris/.m2/repository/org/junit/jupiter/junit-jupiter-api/5.9.2/junit-jupiter-api-5.9.2.jar:/Users/chris/.m2/repository/org/opentest4j/opentest4j/1.2.0/opentest4j-1.2.0.jar:/Users/chris/.m2/repository/org/junit/platform/junit-platform-commons/1.9.2/junit-platform-commons-1.9.2.jar:/Users/chris/.m2/repository/org/apiguardian/apiguardian-api/1.1.2/apiguardian-api-1.1.2.jar:/Users/chris/.m2/repository/org/junit/jupiter/junit-jupiter-params/5.9.2/junit-jupiter-params-5.9.2.jar:/Users/chris/.m2/repository/org/junit/jupiter/junit-jupiter-engine/5.9.2/junit-jupiter-engine-5.9.2.jar:/Users/chris/.m2/repository/org/junit/platform/junit-platform-engine/1.9.2/junit-platform-engine-1.9.2.jar:"/>
    <property name="sun.cpu.endian" value="little"/>
    <property name="user.home" value="/Users/chris"/>
    <property name="user.language" value="de"/>
    <property name="java.specification.vendor" value="Oracle Corporation"/>
    <property name="java.version.date" value="2022-10-18"/>
    <property name="java.home" value="/opt/homebrew/Cellar/openjdk/19.0.1/libexec/openjdk.jdk/Contents/Home"/>
    <property name="file.separator" value="/"/>
    <property name="basedir" value="/Users/chris/Dev/JetBrains-practice/articlechecker-maven-demo"/>
    <property name="java.vm.compressedOopsMode" value="Zero based"/>
    <property name="line.separator" value="&#10;"/>
    <property name="java.vm.specification.vendor" value="Oracle Corporation"/>
    <property name="java.specification.name" value="Java Platform API Specification"/>
    <property name="apple.awt.application.name" value="ForkedBooter"/>
    <property name="surefire.real.class.path" value="/Users/chris/Dev/JetBrains-practice/articlechecker-maven-demo/target/surefire/surefirebooter15341862201728803768.jar"/>
    <property name="sun.management.compiler" value="HotSpot 64-Bit Tiered Compilers"/>
    <property name="ftp.nonProxyHosts" value="local|*.local|169.254/16|*.169.254/16"/>
    <property name="java.runtime.version" value="19.0.1"/>
    <property name="user.name" value="chris"/>
    <property name="stdout.encoding" value="UTF-8"/>
    <property name="path.separator" value=":"/>
    <property name="os.version" value="13.1"/>
    <property name="java.runtime.name" value="OpenJDK Runtime Environment"/>
    <property name="file.encoding" value="UTF-8"/>
    <property name="java.vm.name" value="OpenJDK 64-Bit Server VM"/>
    <property name="java.vendor.version" value="Homebrew"/>
    <property name="localRepository" value="/Users/chris/.m2/repository"/>
    <property name="java.vendor.url.bug" value="https://github.com/Homebrew/homebrew-core/issues"/>
    <property name="java.io.tmpdir" value="/var/folders/zn/mnjd4zy547509cwn5m33_fth0000gn/T/"/>
    <property name="java.version" value="19.0.1"/>
    <property name="user.dir" value="/Users/chris/Dev/JetBrains-practice/articlechecker-maven-demo"/>
    <property name="os.arch" value="aarch64"/>
    <property name="java.vm.specification.name" value="Java Virtual Machine Specification"/>
    <property name="native.encoding" value="UTF-8"/>
    <property name="java.library.path" value="/Users/chris/Library/Java/Extensions:/Library/Java/Extensions:/Network/Library/Java/Extensions:/System/Library/Java/Extensions:/usr/lib/java:."/>
    <property name="java.vm.info" value="mixed mode, sharing"/>
    <property name="stderr.encoding" value="UTF-8"/>
    <property name="java.vendor" value="Homebrew"/>
    <property name="java.vm.version" value="19.0.1"/>
    <property name="sun.io.unicode.encoding" value="UnicodeBig"/>
    <property name="socksNonProxyHosts" value="local|*.local|169.254/16|*.169.254/16"/>
    <property name="java.class.version" value="63.0"/>
  </properties>
  <testcase name="testWrongIndefiniteArticle1" classname="org.example.ArticleCheckTest" time="0.098"/>
  <testcase name="testWrongIndefiniteArticle2" classname="org.example.ArticleCheckTest" time="0.001"/>
  <testcase name="testCommonNounContraction1" classname="org.example.ArticleCheckTest" time="0.002"/>
  <testcase name="testProperNounSuggestion1" classname="org.example.ArticleCheckTest" time="0.002"/>
  <testcase name="testProperNounSuggestion2" classname="org.example.ArticleCheckTest" time="0.004"/>
  <testcase name="testAllUpperCase1" classname="org.example.ArticleCheckTest" time="0.002"/>
  <testcase name="testAllUpperCase2" classname="org.example.ArticleCheckTest" time="0.004"/>
  <testcase name="testAdjectiveVBGConstruction1" classname="org.example.ArticleCheckTest" time="0.001"/>
  <testcase name="testCommonNounSuggestion1" classname="org.example.ArticleCheckTest" time="0.001"/>
  <testcase name="testSuperlativeAdjective1" classname="org.example.ArticleCheckTest" time="0.003"/>
  <testcase name="testLongSentence1" classname="org.example.ArticleCheckTest" time="0.007"/>
  <testcase name="testQuotationMark1" classname="org.example.ArticleCheckTest" time="0.003"/>
  <testcase name="testSuperlativeWithAdverb1" classname="org.example.ArticleCheckTest" time="0.002"/>
  <testcase name="testWhQuestion1" classname="org.example.ArticleCheckTest" time="0.001"/>
  <testcase name="testUncountableNoun1" classname="org.example.ArticleCheckTest" time="0.001"/>
  <testcase name="testUncountableNoun2" classname="org.example.ArticleCheckTest" time="0"/>
  <testcase name="testSuperlative1" classname="org.example.ArticleCheckTest" time="0.001"/>
  <testcase name="testExcessiveArticle1" classname="org.example.ArticleCheckTest" time="0.002"/>
  <testcase name="testCommonNounAdjectiveSuggestion1" classname="org.example.ArticleCheckTest" time="0.003"/>
  <testcase name="testCompoundNoun1" classname="org.example.ArticleCheckTest" time="0.001"/>
  <testcase name="testCompoundNoun2" classname="org.example.ArticleCheckTest" time="0.001"/>
  <testcase name="testCardinalNumber1" classname="org.example.ArticleCheckTest" time="0.002"/>
</testsuite>